<?xml version="1.0" encoding="UTF-8"?>
<testsuite name="com.product.star.homework.ContactDaoTests" tests="6" skipped="0" failures="0" errors="0" timestamp="2025-04-10T08:51:58" hostname="CMK-W04011" time="0.626">
  <properties/>
  <testcase name="addContact()" classname="com.product.star.homework.ContactDaoTests" time="0.508"/>
  <testcase name="getAllContacts()" classname="com.product.star.homework.ContactDaoTests" time="0.021"/>
  <testcase name="updateEmail()" classname="com.product.star.homework.ContactDaoTests" time="0.018"/>
  <testcase name="deleteContact()" classname="com.product.star.homework.ContactDaoTests" time="0.045"/>
  <testcase name="updatePhoneNumber()" classname="com.product.star.homework.ContactDaoTests" time="0.015"/>
  <testcase name="getContact()" classname="com.product.star.homework.ContactDaoTests" time="0.014"/>
  <system-out><![CDATA[]]></system-out>
  <system-err><![CDATA[апр. 10, 2025 1:51:57 PM org.springframework.test.context.support.AbstractTestContextBootstrapper getDefaultTestExecutionListenerClassNames
INFO: Loaded default TestExecutionListener class names from location [META-INF/spring.factories]: [org.springframework.test.context.web.ServletTestExecutionListener, org.springframework.test.context.support.DirtiesContextBeforeModesTestExecutionListener, org.springframework.test.context.event.ApplicationEventsTestExecutionListener, org.springframework.test.context.support.DependencyInjectionTestExecutionListener, org.springframework.test.context.support.DirtiesContextTestExecutionListener, org.springframework.test.context.transaction.TransactionalTestExecutionListener, org.springframework.test.context.jdbc.SqlScriptsTestExecutionListener, org.springframework.test.context.event.EventPublishingTestExecutionListener]
апр. 10, 2025 1:51:57 PM org.springframework.test.context.support.AbstractTestContextBootstrapper getTestExecutionListeners
INFO: Using TestExecutionListeners: [org.springframework.test.context.support.DirtiesContextBeforeModesTestExecutionListener@2f67b837, org.springframework.test.context.event.ApplicationEventsTestExecutionListener@1869fbd2, org.springframework.test.context.support.DependencyInjectionTestExecutionListener@6af9fcb2, org.springframework.test.context.support.DirtiesContextTestExecutionListener@6cce16f4, org.springframework.test.context.transaction.TransactionalTestExecutionListener@7efaad5a, org.springframework.test.context.jdbc.SqlScriptsTestExecutionListener@291a7e3c, org.springframework.test.context.event.EventPublishingTestExecutionListener@ca30bc1]
]]></system-err>
</testsuite>
