<?xml version="1.0" encoding="UTF-8"?>
<testsuite name="com.product.star.homework.ContactDaoTests" tests="6" skipped="0" failures="0" errors="0" timestamp="2025-04-12T09:21:19" hostname="CMK-W04011" time="0.851">
  <properties/>
  <testcase name="addContact()" classname="com.product.star.homework.ContactDaoTests" time="0.693"/>
  <testcase name="getAllContacts()" classname="com.product.star.homework.ContactDaoTests" time="0.022"/>
  <testcase name="updateEmail()" classname="com.product.star.homework.ContactDaoTests" time="0.019"/>
  <testcase name="deleteContact()" classname="com.product.star.homework.ContactDaoTests" time="0.052"/>
  <testcase name="updatePhoneNumber()" classname="com.product.star.homework.ContactDaoTests" time="0.015"/>
  <testcase name="getContact()" classname="com.product.star.homework.ContactDaoTests" time="0.044"/>
  <system-out><![CDATA[]]></system-out>
  <system-err><![CDATA[апр. 12, 2025 2:21:19 PM org.springframework.test.context.support.AbstractTestContextBootstrapper getDefaultTestExecutionListenerClassNames
INFO: Loaded default TestExecutionListener class names from location [META-INF/spring.factories]: [org.springframework.test.context.web.ServletTestExecutionListener, org.springframework.test.context.support.DirtiesContextBeforeModesTestExecutionListener, org.springframework.test.context.event.ApplicationEventsTestExecutionListener, org.springframework.test.context.support.DependencyInjectionTestExecutionListener, org.springframework.test.context.support.DirtiesContextTestExecutionListener, org.springframework.test.context.transaction.TransactionalTestExecutionListener, org.springframework.test.context.jdbc.SqlScriptsTestExecutionListener, org.springframework.test.context.event.EventPublishingTestExecutionListener]
апр. 12, 2025 2:21:19 PM org.springframework.test.context.support.AbstractTestContextBootstrapper getTestExecutionListeners
INFO: Using TestExecutionListeners: [org.springframework.test.context.support.DirtiesContextBeforeModesTestExecutionListener@6cce16f4, org.springframework.test.context.event.ApplicationEventsTestExecutionListener@7efaad5a, org.springframework.test.context.support.DependencyInjectionTestExecutionListener@291a7e3c, org.springframework.test.context.support.DirtiesContextTestExecutionListener@ca30bc1, org.springframework.test.context.transaction.TransactionalTestExecutionListener@1046d517, org.springframework.test.context.jdbc.SqlScriptsTestExecutionListener@3b7d3a38, org.springframework.test.context.event.EventPublishingTestExecutionListener@416c58f5]
]]></system-err>
</testsuite>
